<?xml version="1.0" encoding="UTF-8"?>
<!-- Generated by org.testng.reporters.JUnitXMLReporter -->
<testsuite hostname="TLPSYS8-PC" name="Test" tests="8" failures="0" timestamp="28 Aug 2018 03:54:50 GMT" time="20.3" errors="0">
  <testcase name="vlogin" time="1.39" classname="E_Banking.Excution"/>
  <testcase name="vbranch" time="0.97" classname="E_Banking.Excution"/>
  <testcase name="vnewbranch" time="1.266" classname="E_Banking.Excution"/>
  <testcase name="vnewbranch" time="1.249" classname="E_Banking.Excution"/>
  <testcase name="vnewbranch" time="1.08" classname="E_Banking.Excution"/>
  <testcase name="vnewbranch" time="1.177" classname="E_Banking.Excution"/>
  <testcase name="vvsavedata" time="0.132" classname="E_Banking.Excution"/>
  <testcase name="vrooles" time="0.712" classname="E_Banking.Excution"/>
</testsuite> <!-- Test -->
