<?xml version="1.0" encoding="UTF-8"?>
<testng-results skipped="0" failed="0" total="1" passed="1">
  <reporter-output>
  </reporter-output>
  <suite name="Default suite" duration-ms="18563" started-at="2018-08-28T04:09:28Z" finished-at="2018-08-28T04:09:46Z">
    <groups>
    </groups>
    <test name="Default test" duration-ms="18563" started-at="2018-08-28T04:09:28Z" finished-at="2018-08-28T04:09:46Z">
      <class name="keyword.Driver">
        <test-method status="PASS" signature="launchApp()[pri:0, instance:keyword.Driver@a6d14e]" name="launchApp" is-config="true" duration-ms="5880" started-at="2018-08-28T09:39:28Z" finished-at="2018-08-28T09:39:34Z">
          <reporter-output>
          </reporter-output>
        </test-method> <!-- launchApp -->
        <test-method status="PASS" signature="KeywordOperations()[pri:0, instance:keyword.Driver@a6d14e]" name="KeywordOperations" duration-ms="12648" started-at="2018-08-28T09:39:34Z" finished-at="2018-08-28T09:39:46Z">
          <reporter-output>
          </reporter-output>
        </test-method> <!-- KeywordOperations -->
        <test-method status="PASS" signature="closeApp()[pri:0, instance:keyword.Driver@a6d14e]" name="closeApp" is-config="true" duration-ms="15" started-at="2018-08-28T09:39:46Z" finished-at="2018-08-28T09:39:46Z">
          <reporter-output>
          </reporter-output>
        </test-method> <!-- closeApp -->
      </class> <!-- keyword.Driver -->
    </test> <!-- Default test -->
  </suite> <!-- Default suite -->
</testng-results>
